ITEM: TIMESTEP
0
ITEM: NUMBER OF NODES
8
ITEM: BOX BOUNDS
-0.0432303 416.065
-0.0205235 132.148
0 39.3003
ITEM: NODES
1 1 -0.0432303 -0.0205235 0
2 1 416.065 -0.0205235 0
3 1 416.065 132.148 0
4 1 -0.0432303 132.148 0
5 1 -0.0432303 -0.0205235 39.3003
6 1 416.065 -0.0205235 39.3003
7 1 416.065 132.148 39.3003
8 1 -0.0432303 132.148 39.3003
ITEM: TIMESTEP
0
ITEM: NUMBER OF CUBES
1
ITEM: CUBES
1 1 1 2 3 4 5 6 7 8
ITEM: TIMESTEP
0
ITEM: NUMBER OF NODES
8
ITEM: BOX BOUNDS
-0.0432303 416.065
-0.0205235 132.148
0 39.3003
ITEM: NODES
1 1 -0.0432303 -0.0205235 0
2 1 416.065 -0.0205235 0
3 1 416.065 132.148 0
4 1 -0.0432303 132.148 0
5 1 -0.0432303 -0.0205235 39.3003
6 1 416.065 -0.0205235 39.3003
7 1 416.065 132.148 39.3003
8 1 -0.0432303 132.148 39.3003
ITEM: TIMESTEP
0
ITEM: NUMBER OF CUBES
1
ITEM: CUBES
1 1 1 2 3 4 5 6 7 8
ITEM: TIMESTEP
100
ITEM: NUMBER OF NODES
8
ITEM: BOX BOUNDS
-0.0432303 416.065
-0.0205235 132.249
0 39.3003
ITEM: NODES
1 1 -0.0432303 -0.0205235 0
2 1 416.065 -0.0205235 0
3 1 416.065 132.249 0
4 1 -0.0432303 132.249 0
5 1 -0.0432303 -0.0205235 39.3003
6 1 416.065 -0.0205235 39.3003
7 1 416.065 132.249 39.3003
8 1 -0.0432303 132.249 39.3003
ITEM: TIMESTEP
100
ITEM: NUMBER OF CUBES
1
ITEM: CUBES
1 1 1 2 3 4 5 6 7 8
ITEM: TIMESTEP
200
ITEM: NUMBER OF NODES
8
ITEM: BOX BOUNDS
-0.0432303 416.065
-0.0205235 132.3
0 39.3003
ITEM: NODES
1 1 -0.0432303 -0.0205235 0
2 1 416.065 -0.0205235 0
3 1 416.065 132.3 0
4 1 -0.0432303 132.3 0
5 1 -0.0432303 -0.0205235 39.3003
6 1 416.065 -0.0205235 39.3003
7 1 416.065 132.3 39.3003
8 1 -0.0432303 132.3 39.3003
ITEM: TIMESTEP
200
ITEM: NUMBER OF CUBES
1
ITEM: CUBES
1 1 1 2 3 4 5 6 7 8
ITEM: TIMESTEP
300
ITEM: NUMBER OF NODES
8
ITEM: BOX BOUNDS
-0.0432303 416.065
-0.0205235 132.339
0 39.3003
ITEM: NODES
1 1 -0.0432303 -0.0205235 0
2 1 416.065 -0.0205235 0
3 1 416.065 132.339 0
4 1 -0.0432303 132.339 0
5 1 -0.0432303 -0.0205235 39.3003
6 1 416.065 -0.0205235 39.3003
7 1 416.065 132.339 39.3003
8 1 -0.0432303 132.339 39.3003
ITEM: TIMESTEP
300
ITEM: NUMBER OF CUBES
1
ITEM: CUBES
1 1 1 2 3 4 5 6 7 8
ITEM: TIMESTEP
400
ITEM: NUMBER OF NODES
8
ITEM: BOX BOUNDS
-0.0432303 416.065
-0.0205235 132.51
0 39.3003
ITEM: NODES
1 1 -0.0432303 -0.0205235 0
2 1 416.065 -0.0205235 0
3 1 416.065 132.51 0
4 1 -0.0432303 132.51 0
5 1 -0.0432303 -0.0205235 39.3003
6 1 416.065 -0.0205235 39.3003
7 1 416.065 132.51 39.3003
8 1 -0.0432303 132.51 39.3003
ITEM: TIMESTEP
400
ITEM: NUMBER OF CUBES
1
ITEM: CUBES
1 1 1 2 3 4 5 6 7 8
ITEM: TIMESTEP
500
ITEM: NUMBER OF NODES
8
ITEM: BOX BOUNDS
-0.0432303 416.065
-0.0205235 132.545
0 39.3003
ITEM: NODES
1 1 -0.0432303 -0.0205235 0
2 1 416.065 -0.0205235 0
3 1 416.065 132.545 0
4 1 -0.0432303 132.545 0
5 1 -0.0432303 -0.0205235 39.3003
6 1 416.065 -0.0205235 39.3003
7 1 416.065 132.545 39.3003
8 1 -0.0432303 132.545 39.3003
ITEM: TIMESTEP
500
ITEM: NUMBER OF CUBES
1
ITEM: CUBES
1 1 1 2 3 4 5 6 7 8
ITEM: TIMESTEP
600
ITEM: NUMBER OF NODES
8
ITEM: BOX BOUNDS
-0.0432303 416.065
-0.0205235 132.635
0 39.3003
ITEM: NODES
1 1 -0.0432303 -0.0205235 0
2 1 416.065 -0.0205235 0
3 1 416.065 132.635 0
4 1 -0.0432303 132.635 0
5 1 -0.0432303 -0.0205235 39.3003
6 1 416.065 -0.0205235 39.3003
7 1 416.065 132.635 39.3003
8 1 -0.0432303 132.635 39.3003
ITEM: TIMESTEP
600
ITEM: NUMBER OF CUBES
1
ITEM: CUBES
1 1 1 2 3 4 5 6 7 8
ITEM: TIMESTEP
700
ITEM: NUMBER OF NODES
8
ITEM: BOX BOUNDS
-0.0432303 416.065
-0.0205235 132.787
0 39.3003
ITEM: NODES
1 1 -0.0432303 -0.0205235 0
2 1 416.065 -0.0205235 0
3 1 416.065 132.787 0
4 1 -0.0432303 132.787 0
5 1 -0.0432303 -0.0205235 39.3003
6 1 416.065 -0.0205235 39.3003
7 1 416.065 132.787 39.3003
8 1 -0.0432303 132.787 39.3003
ITEM: TIMESTEP
700
ITEM: NUMBER OF CUBES
1
ITEM: CUBES
1 1 1 2 3 4 5 6 7 8
ITEM: TIMESTEP
800
ITEM: NUMBER OF NODES
8
ITEM: BOX BOUNDS
-0.0432303 416.065
-0.0205235 132.817
0 39.3003
ITEM: NODES
1 1 -0.0432303 -0.0205235 0
2 1 416.065 -0.0205235 0
3 1 416.065 132.817 0
4 1 -0.0432303 132.817 0
5 1 -0.0432303 -0.0205235 39.3003
6 1 416.065 -0.0205235 39.3003
7 1 416.065 132.817 39.3003
8 1 -0.0432303 132.817 39.3003
ITEM: TIMESTEP
800
ITEM: NUMBER OF CUBES
1
ITEM: CUBES
1 1 1 2 3 4 5 6 7 8
ITEM: TIMESTEP
900
ITEM: NUMBER OF NODES
8
ITEM: BOX BOUNDS
-0.0432303 416.065
-0.0205235 132.937
0 39.3003
ITEM: NODES
1 1 -0.0432303 -0.0205235 0
2 1 416.065 -0.0205235 0
3 1 416.065 132.937 0
4 1 -0.0432303 132.937 0
5 1 -0.0432303 -0.0205235 39.3003
6 1 416.065 -0.0205235 39.3003
7 1 416.065 132.937 39.3003
8 1 -0.0432303 132.937 39.3003
ITEM: TIMESTEP
900
ITEM: NUMBER OF CUBES
1
ITEM: CUBES
1 1 1 2 3 4 5 6 7 8
ITEM: TIMESTEP
1000
ITEM: NUMBER OF NODES
8
ITEM: BOX BOUNDS
-0.0432303 416.065
-0.0205235 132.944
0 39.3003
ITEM: NODES
1 1 -0.0432303 -0.0205235 0
2 1 416.065 -0.0205235 0
3 1 416.065 132.944 0
4 1 -0.0432303 132.944 0
5 1 -0.0432303 -0.0205235 39.3003
6 1 416.065 -0.0205235 39.3003
7 1 416.065 132.944 39.3003
8 1 -0.0432303 132.944 39.3003
ITEM: TIMESTEP
1000
ITEM: NUMBER OF CUBES
1
ITEM: CUBES
1 1 1 2 3 4 5 6 7 8
ITEM: TIMESTEP
1100
ITEM: NUMBER OF NODES
8
ITEM: BOX BOUNDS
-0.0432303 416.065
-0.0205235 133.076
0 39.3003
ITEM: NODES
1 1 -0.0432303 -0.0205235 0
2 1 416.065 -0.0205235 0
3 1 416.065 133.076 0
4 1 -0.0432303 133.076 0
5 1 -0.0432303 -0.0205235 39.3003
6 1 416.065 -0.0205235 39.3003
7 1 416.065 133.076 39.3003
8 1 -0.0432303 133.076 39.3003
ITEM: TIMESTEP
1100
ITEM: NUMBER OF CUBES
1
ITEM: CUBES
1 1 1 2 3 4 5 6 7 8
ITEM: TIMESTEP
1200
ITEM: NUMBER OF NODES
8
ITEM: BOX BOUNDS
-0.0432303 416.065
-0.0205235 133.205
0 39.3003
ITEM: NODES
1 1 -0.0432303 -0.0205235 0
2 1 416.065 -0.0205235 0
3 1 416.065 133.205 0
4 1 -0.0432303 133.205 0
5 1 -0.0432303 -0.0205235 39.3003
6 1 416.065 -0.0205235 39.3003
7 1 416.065 133.205 39.3003
8 1 -0.0432303 133.205 39.3003
ITEM: TIMESTEP
1200
ITEM: NUMBER OF CUBES
1
ITEM: CUBES
1 1 1 2 3 4 5 6 7 8
ITEM: TIMESTEP
1300
ITEM: NUMBER OF NODES
8
ITEM: BOX BOUNDS
-0.0432303 416.065
-0.0205235 133.089
0 39.3003
ITEM: NODES
1 1 -0.0432303 -0.0205235 0
2 1 416.065 -0.0205235 0
3 1 416.065 133.089 0
4 1 -0.0432303 133.089 0
5 1 -0.0432303 -0.0205235 39.3003
6 1 416.065 -0.0205235 39.3003
7 1 416.065 133.089 39.3003
8 1 -0.0432303 133.089 39.3003
ITEM: TIMESTEP
1300
ITEM: NUMBER OF CUBES
1
ITEM: CUBES
1 1 1 2 3 4 5 6 7 8
ITEM: TIMESTEP
1400
ITEM: NUMBER OF NODES
8
ITEM: BOX BOUNDS
-0.0432303 416.065
-0.0205235 132.977
0 39.3003
ITEM: NODES
1 1 -0.0432303 -0.0205235 0
2 1 416.065 -0.0205235 0
3 1 416.065 132.977 0
4 1 -0.0432303 132.977 0
5 1 -0.0432303 -0.0205235 39.3003
6 1 416.065 -0.0205235 39.3003
7 1 416.065 132.977 39.3003
8 1 -0.0432303 132.977 39.3003
ITEM: TIMESTEP
1400
ITEM: NUMBER OF CUBES
1
ITEM: CUBES
1 1 1 2 3 4 5 6 7 8
ITEM: TIMESTEP
1500
ITEM: NUMBER OF NODES
8
ITEM: BOX BOUNDS
-0.0432303 416.065
-0.0205235 133.028
0 39.3003
ITEM: NODES
1 1 -0.0432303 -0.0205235 0
2 1 416.065 -0.0205235 0
3 1 416.065 133.028 0
4 1 -0.0432303 133.028 0
5 1 -0.0432303 -0.0205235 39.3003
6 1 416.065 -0.0205235 39.3003
7 1 416.065 133.028 39.3003
8 1 -0.0432303 133.028 39.3003
ITEM: TIMESTEP
1500
ITEM: NUMBER OF CUBES
1
ITEM: CUBES
1 1 1 2 3 4 5 6 7 8
ITEM: TIMESTEP
1600
ITEM: NUMBER OF NODES
8
ITEM: BOX BOUNDS
-0.0432303 416.065
-0.0205235 132.857
0 39.3003
ITEM: NODES
1 1 -0.0432303 -0.0205235 0
2 1 416.065 -0.0205235 0
3 1 416.065 132.857 0
4 1 -0.0432303 132.857 0
5 1 -0.0432303 -0.0205235 39.3003
6 1 416.065 -0.0205235 39.3003
7 1 416.065 132.857 39.3003
8 1 -0.0432303 132.857 39.3003
ITEM: TIMESTEP
1600
ITEM: NUMBER OF CUBES
1
ITEM: CUBES
1 1 1 2 3 4 5 6 7 8
ITEM: TIMESTEP
1700
ITEM: NUMBER OF NODES
8
ITEM: BOX BOUNDS
-0.0432303 416.065
-0.0205235 132.931
0 39.3003
ITEM: NODES
1 1 -0.0432303 -0.0205235 0
2 1 416.065 -0.0205235 0
3 1 416.065 132.931 0
4 1 -0.0432303 132.931 0
5 1 -0.0432303 -0.0205235 39.3003
6 1 416.065 -0.0205235 39.3003
7 1 416.065 132.931 39.3003
8 1 -0.0432303 132.931 39.3003
ITEM: TIMESTEP
1700
ITEM: NUMBER OF CUBES
1
ITEM: CUBES
1 1 1 2 3 4 5 6 7 8
ITEM: TIMESTEP
1800
ITEM: NUMBER OF NODES
8
ITEM: BOX BOUNDS
-0.0432303 416.065
-0.0205235 132.639
0 39.3003
ITEM: NODES
1 1 -0.0432303 -0.0205235 0
2 1 416.065 -0.0205235 0
3 1 416.065 132.639 0
4 1 -0.0432303 132.639 0
5 1 -0.0432303 -0.0205235 39.3003
6 1 416.065 -0.0205235 39.3003
7 1 416.065 132.639 39.3003
8 1 -0.0432303 132.639 39.3003
ITEM: TIMESTEP
1800
ITEM: NUMBER OF CUBES
1
ITEM: CUBES
1 1 1 2 3 4 5 6 7 8
ITEM: TIMESTEP
1900
ITEM: NUMBER OF NODES
8
ITEM: BOX BOUNDS
-0.0432303 416.065
-0.0205235 132.518
0 39.3003
ITEM: NODES
1 1 -0.0432303 -0.0205235 0
2 1 416.065 -0.0205235 0
3 1 416.065 132.518 0
4 1 -0.0432303 132.518 0
5 1 -0.0432303 -0.0205235 39.3003
6 1 416.065 -0.0205235 39.3003
7 1 416.065 132.518 39.3003
8 1 -0.0432303 132.518 39.3003
ITEM: TIMESTEP
1900
ITEM: NUMBER OF CUBES
1
ITEM: CUBES
1 1 1 2 3 4 5 6 7 8
ITEM: TIMESTEP
2000
ITEM: NUMBER OF NODES
8
ITEM: BOX BOUNDS
-0.0432303 416.065
-0.0205235 132.495
0 39.3003
ITEM: NODES
1 1 -0.0432303 -0.0205235 0
2 1 416.065 -0.0205235 0
3 1 416.065 132.495 0
4 1 -0.0432303 132.495 0
5 1 -0.0432303 -0.0205235 39.3003
6 1 416.065 -0.0205235 39.3003
7 1 416.065 132.495 39.3003
8 1 -0.0432303 132.495 39.3003
ITEM: TIMESTEP
2000
ITEM: NUMBER OF CUBES
1
ITEM: CUBES
1 1 1 2 3 4 5 6 7 8
ITEM: TIMESTEP
2100
ITEM: NUMBER OF NODES
8
ITEM: BOX BOUNDS
-0.0432303 416.065
-0.0205235 132.247
0 39.3003
ITEM: NODES
1 1 -0.0432303 -0.0205235 0
2 1 416.065 -0.0205235 0
3 1 416.065 132.247 0
4 1 -0.0432303 132.247 0
5 1 -0.0432303 -0.0205235 39.3003
6 1 416.065 -0.0205235 39.3003
7 1 416.065 132.247 39.3003
8 1 -0.0432303 132.247 39.3003
ITEM: TIMESTEP
2100
ITEM: NUMBER OF CUBES
1
ITEM: CUBES
1 1 1 2 3 4 5 6 7 8
ITEM: TIMESTEP
2200
ITEM: NUMBER OF NODES
8
ITEM: BOX BOUNDS
-0.0432303 416.065
-0.0205235 132.164
0 39.3003
ITEM: NODES
1 1 -0.0432303 -0.0205235 0
2 1 416.065 -0.0205235 0
3 1 416.065 132.164 0
4 1 -0.0432303 132.164 0
5 1 -0.0432303 -0.0205235 39.3003
6 1 416.065 -0.0205235 39.3003
7 1 416.065 132.164 39.3003
8 1 -0.0432303 132.164 39.3003
ITEM: TIMESTEP
2200
ITEM: NUMBER OF CUBES
1
ITEM: CUBES
1 1 1 2 3 4 5 6 7 8
ITEM: TIMESTEP
2300
ITEM: NUMBER OF NODES
8
ITEM: BOX BOUNDS
-0.0432303 416.065
-0.0205235 132.148
0 39.3003
ITEM: NODES
1 1 -0.0432303 -0.0205235 0
2 1 416.065 -0.0205235 0
3 1 416.065 132.148 0
4 1 -0.0432303 132.148 0
5 1 -0.0432303 -0.0205235 39.3003
6 1 416.065 -0.0205235 39.3003
7 1 416.065 132.148 39.3003
8 1 -0.0432303 132.148 39.3003
ITEM: TIMESTEP
2300
ITEM: NUMBER OF CUBES
1
ITEM: CUBES
1 1 1 2 3 4 5 6 7 8
ITEM: TIMESTEP
2400
ITEM: NUMBER OF NODES
8
ITEM: BOX BOUNDS
-0.0432303 416.065
-0.0205235 132.175
0 39.3003
ITEM: NODES
1 1 -0.0432303 -0.0205235 0
2 1 416.065 -0.0205235 0
3 1 416.065 132.175 0
4 1 -0.0432303 132.175 0
5 1 -0.0432303 -0.0205235 39.3003
6 1 416.065 -0.0205235 39.3003
7 1 416.065 132.175 39.3003
8 1 -0.0432303 132.175 39.3003
ITEM: TIMESTEP
2400
ITEM: NUMBER OF CUBES
1
ITEM: CUBES
1 1 1 2 3 4 5 6 7 8
ITEM: TIMESTEP
2500
ITEM: NUMBER OF NODES
8
ITEM: BOX BOUNDS
-0.0432303 416.065
-0.0205235 132.189
0 39.3003
ITEM: NODES
1 1 -0.0432303 -0.0205235 0
2 1 416.065 -0.0205235 0
3 1 416.065 132.189 0
4 1 -0.0432303 132.189 0
5 1 -0.0432303 -0.0205235 39.3003
6 1 416.065 -0.0205235 39.3003
7 1 416.065 132.189 39.3003
8 1 -0.0432303 132.189 39.3003
ITEM: TIMESTEP
2500
ITEM: NUMBER OF CUBES
1
ITEM: CUBES
1 1 1 2 3 4 5 6 7 8
ITEM: TIMESTEP
2600
ITEM: NUMBER OF NODES
8
ITEM: BOX BOUNDS
-0.0432303 416.065
-0.0205235 132.207
0 39.3003
ITEM: NODES
1 1 -0.0432303 -0.0205235 0
2 1 416.065 -0.0205235 0
3 1 416.065 132.207 0
4 1 -0.0432303 132.207 0
5 1 -0.0432303 -0.0205235 39.3003
6 1 416.065 -0.0205235 39.3003
7 1 416.065 132.207 39.3003
8 1 -0.0432303 132.207 39.3003
ITEM: TIMESTEP
2600
ITEM: NUMBER OF CUBES
1
ITEM: CUBES
1 1 1 2 3 4 5 6 7 8
ITEM: TIMESTEP
2700
ITEM: NUMBER OF NODES
8
ITEM: BOX BOUNDS
-0.0432303 416.065
-0.0205235 132.148
0 39.3003
ITEM: NODES
1 1 -0.0432303 -0.0205235 0
2 1 416.065 -0.0205235 0
3 1 416.065 132.148 0
4 1 -0.0432303 132.148 0
5 1 -0.0432303 -0.0205235 39.3003
6 1 416.065 -0.0205235 39.3003
7 1 416.065 132.148 39.3003
8 1 -0.0432303 132.148 39.3003
ITEM: TIMESTEP
2700
ITEM: NUMBER OF CUBES
1
ITEM: CUBES
1 1 1 2 3 4 5 6 7 8
ITEM: TIMESTEP
2800
ITEM: NUMBER OF NODES
8
ITEM: BOX BOUNDS
-0.0432303 416.065
-0.0205235 132.148
0 39.3003
ITEM: NODES
1 1 -0.0432303 -0.0205235 0
2 1 416.065 -0.0205235 0
3 1 416.065 132.148 0
4 1 -0.0432303 132.148 0
5 1 -0.0432303 -0.0205235 39.3003
6 1 416.065 -0.0205235 39.3003
7 1 416.065 132.148 39.3003
8 1 -0.0432303 132.148 39.3003
ITEM: TIMESTEP
2800
ITEM: NUMBER OF CUBES
1
ITEM: CUBES
1 1 1 2 3 4 5 6 7 8
ITEM: TIMESTEP
2900
ITEM: NUMBER OF NODES
8
ITEM: BOX BOUNDS
-0.0432303 416.065
-0.0205235 132.148
0 39.3003
ITEM: NODES
1 1 -0.0432303 -0.0205235 0
2 1 416.065 -0.0205235 0
3 1 416.065 132.148 0
4 1 -0.0432303 132.148 0
5 1 -0.0432303 -0.0205235 39.3003
6 1 416.065 -0.0205235 39.3003
7 1 416.065 132.148 39.3003
8 1 -0.0432303 132.148 39.3003
ITEM: TIMESTEP
2900
ITEM: NUMBER OF CUBES
1
ITEM: CUBES
1 1 1 2 3 4 5 6 7 8
ITEM: TIMESTEP
3000
ITEM: NUMBER OF NODES
8
ITEM: BOX BOUNDS
-0.0432303 416.065
-0.0205235 132.148
0 39.3003
ITEM: NODES
1 1 -0.0432303 -0.0205235 0
2 1 416.065 -0.0205235 0
3 1 416.065 132.148 0
4 1 -0.0432303 132.148 0
5 1 -0.0432303 -0.0205235 39.3003
6 1 416.065 -0.0205235 39.3003
7 1 416.065 132.148 39.3003
8 1 -0.0432303 132.148 39.3003
ITEM: TIMESTEP
3000
ITEM: NUMBER OF CUBES
1
ITEM: CUBES
1 1 1 2 3 4 5 6 7 8
ITEM: TIMESTEP
3100
ITEM: NUMBER OF NODES
8
ITEM: BOX BOUNDS
-0.0432303 416.065
-0.0205235 132.148
0 39.3003
ITEM: NODES
1 1 -0.0432303 -0.0205235 0
2 1 416.065 -0.0205235 0
3 1 416.065 132.148 0
4 1 -0.0432303 132.148 0
5 1 -0.0432303 -0.0205235 39.3003
6 1 416.065 -0.0205235 39.3003
7 1 416.065 132.148 39.3003
8 1 -0.0432303 132.148 39.3003
ITEM: TIMESTEP
3100
ITEM: NUMBER OF CUBES
1
ITEM: CUBES
1 1 1 2 3 4 5 6 7 8
ITEM: TIMESTEP
3200
ITEM: NUMBER OF NODES
8
ITEM: BOX BOUNDS
-0.0432303 416.065
-0.0205235 132.148
0 39.3003
ITEM: NODES
1 1 -0.0432303 -0.0205235 0
2 1 416.065 -0.0205235 0
3 1 416.065 132.148 0
4 1 -0.0432303 132.148 0
5 1 -0.0432303 -0.0205235 39.3003
6 1 416.065 -0.0205235 39.3003
7 1 416.065 132.148 39.3003
8 1 -0.0432303 132.148 39.3003
ITEM: TIMESTEP
3200
ITEM: NUMBER OF CUBES
1
ITEM: CUBES
1 1 1 2 3 4 5 6 7 8
ITEM: TIMESTEP
3300
ITEM: NUMBER OF NODES
8
ITEM: BOX BOUNDS
-0.0432303 416.065
-0.0205235 132.148
0 39.3003
ITEM: NODES
1 1 -0.0432303 -0.0205235 0
2 1 416.065 -0.0205235 0
3 1 416.065 132.148 0
4 1 -0.0432303 132.148 0
5 1 -0.0432303 -0.0205235 39.3003
6 1 416.065 -0.0205235 39.3003
7 1 416.065 132.148 39.3003
8 1 -0.0432303 132.148 39.3003
ITEM: TIMESTEP
3300
ITEM: NUMBER OF CUBES
1
ITEM: CUBES
1 1 1 2 3 4 5 6 7 8
ITEM: TIMESTEP
3400
ITEM: NUMBER OF NODES
8
ITEM: BOX BOUNDS
-0.0432303 416.065
-0.0205235 132.324
0 39.3003
ITEM: NODES
1 1 -0.0432303 -0.0205235 0
2 1 416.065 -0.0205235 0
3 1 416.065 132.324 0
4 1 -0.0432303 132.324 0
5 1 -0.0432303 -0.0205235 39.3003
6 1 416.065 -0.0205235 39.3003
7 1 416.065 132.324 39.3003
8 1 -0.0432303 132.324 39.3003
ITEM: TIMESTEP
3400
ITEM: NUMBER OF CUBES
1
ITEM: CUBES
1 1 1 2 3 4 5 6 7 8
ITEM: TIMESTEP
3500
ITEM: NUMBER OF NODES
8
ITEM: BOX BOUNDS
-0.0432303 416.065
-0.0205235 132.401
0 39.3003
ITEM: NODES
1 1 -0.0432303 -0.0205235 0
2 1 416.065 -0.0205235 0
3 1 416.065 132.401 0
4 1 -0.0432303 132.401 0
5 1 -0.0432303 -0.0205235 39.3003
6 1 416.065 -0.0205235 39.3003
7 1 416.065 132.401 39.3003
8 1 -0.0432303 132.401 39.3003
ITEM: TIMESTEP
3500
ITEM: NUMBER OF CUBES
1
ITEM: CUBES
1 1 1 2 3 4 5 6 7 8
ITEM: TIMESTEP
3600
ITEM: NUMBER OF NODES
8
ITEM: BOX BOUNDS
-0.0432303 416.065
-0.0205235 132.508
0 39.3003
ITEM: NODES
1 1 -0.0432303 -0.0205235 0
2 1 416.065 -0.0205235 0
3 1 416.065 132.508 0
4 1 -0.0432303 132.508 0
5 1 -0.0432303 -0.0205235 39.3003
6 1 416.065 -0.0205235 39.3003
7 1 416.065 132.508 39.3003
8 1 -0.0432303 132.508 39.3003
ITEM: TIMESTEP
3600
ITEM: NUMBER OF CUBES
1
ITEM: CUBES
1 1 1 2 3 4 5 6 7 8
ITEM: TIMESTEP
3700
ITEM: NUMBER OF NODES
8
ITEM: BOX BOUNDS
-0.0432303 416.065
-0.0205235 132.509
0 39.3003
ITEM: NODES
1 1 -0.0432303 -0.0205235 0
2 1 416.065 -0.0205235 0
3 1 416.065 132.509 0
4 1 -0.0432303 132.509 0
5 1 -0.0432303 -0.0205235 39.3003
6 1 416.065 -0.0205235 39.3003
7 1 416.065 132.509 39.3003
8 1 -0.0432303 132.509 39.3003
ITEM: TIMESTEP
3700
ITEM: NUMBER OF CUBES
1
ITEM: CUBES
1 1 1 2 3 4 5 6 7 8
ITEM: TIMESTEP
3800
ITEM: NUMBER OF NODES
8
ITEM: BOX BOUNDS
-0.0432303 416.065
-0.0205235 132.629
0 39.3003
ITEM: NODES
1 1 -0.0432303 -0.0205235 0
2 1 416.065 -0.0205235 0
3 1 416.065 132.629 0
4 1 -0.0432303 132.629 0
5 1 -0.0432303 -0.0205235 39.3003
6 1 416.065 -0.0205235 39.3003
7 1 416.065 132.629 39.3003
8 1 -0.0432303 132.629 39.3003
ITEM: TIMESTEP
3800
ITEM: NUMBER OF CUBES
1
ITEM: CUBES
1 1 1 2 3 4 5 6 7 8
ITEM: TIMESTEP
3900
ITEM: NUMBER OF NODES
8
ITEM: BOX BOUNDS
-0.0432303 416.065
-0.0205235 132.607
0 39.3003
ITEM: NODES
1 1 -0.0432303 -0.0205235 0
2 1 416.065 -0.0205235 0
3 1 416.065 132.607 0
4 1 -0.0432303 132.607 0
5 1 -0.0432303 -0.0205235 39.3003
6 1 416.065 -0.0205235 39.3003
7 1 416.065 132.607 39.3003
8 1 -0.0432303 132.607 39.3003
ITEM: TIMESTEP
3900
ITEM: NUMBER OF CUBES
1
ITEM: CUBES
1 1 1 2 3 4 5 6 7 8
ITEM: TIMESTEP
4000
ITEM: NUMBER OF NODES
8
ITEM: BOX BOUNDS
-0.0432303 416.065
-0.0205235 132.571
0 39.3003
ITEM: NODES
1 1 -0.0432303 -0.0205235 0
2 1 416.065 -0.0205235 0
3 1 416.065 132.571 0
4 1 -0.0432303 132.571 0
5 1 -0.0432303 -0.0205235 39.3003
6 1 416.065 -0.0205235 39.3003
7 1 416.065 132.571 39.3003
8 1 -0.0432303 132.571 39.3003
ITEM: TIMESTEP
4000
ITEM: NUMBER OF CUBES
1
ITEM: CUBES
1 1 1 2 3 4 5 6 7 8
ITEM: TIMESTEP
4100
ITEM: NUMBER OF NODES
8
ITEM: BOX BOUNDS
-0.0432303 416.065
-0.0205235 132.519
0 39.3003
ITEM: NODES
1 1 -0.0432303 -0.0205235 0
2 1 416.065 -0.0205235 0
3 1 416.065 132.519 0
4 1 -0.0432303 132.519 0
5 1 -0.0432303 -0.0205235 39.3003
6 1 416.065 -0.0205235 39.3003
7 1 416.065 132.519 39.3003
8 1 -0.0432303 132.519 39.3003
ITEM: TIMESTEP
4100
ITEM: NUMBER OF CUBES
1
ITEM: CUBES
1 1 1 2 3 4 5 6 7 8
ITEM: TIMESTEP
4200
ITEM: NUMBER OF NODES
8
ITEM: BOX BOUNDS
-0.0432303 416.065
-0.0205235 132.536
0 39.3003
ITEM: NODES
1 1 -0.0432303 -0.0205235 0
2 1 416.065 -0.0205235 0
3 1 416.065 132.536 0
4 1 -0.0432303 132.536 0
5 1 -0.0432303 -0.0205235 39.3003
6 1 416.065 -0.0205235 39.3003
7 1 416.065 132.536 39.3003
8 1 -0.0432303 132.536 39.3003
ITEM: TIMESTEP
4200
ITEM: NUMBER OF CUBES
1
ITEM: CUBES
1 1 1 2 3 4 5 6 7 8
ITEM: TIMESTEP
4300
ITEM: NUMBER OF NODES
8
ITEM: BOX BOUNDS
-0.0432303 416.065
-0.0205235 132.534
0 39.3003
ITEM: NODES
1 1 -0.0432303 -0.0205235 0
2 1 416.065 -0.0205235 0
3 1 416.065 132.534 0
4 1 -0.0432303 132.534 0
5 1 -0.0432303 -0.0205235 39.3003
6 1 416.065 -0.0205235 39.3003
7 1 416.065 132.534 39.3003
8 1 -0.0432303 132.534 39.3003
ITEM: TIMESTEP
4300
ITEM: NUMBER OF CUBES
1
ITEM: CUBES
1 1 1 2 3 4 5 6 7 8
ITEM: TIMESTEP
4400
ITEM: NUMBER OF NODES
8
ITEM: BOX BOUNDS
-0.0432303 416.065
-0.0205235 132.633
0 39.3003
ITEM: NODES
1 1 -0.0432303 -0.0205235 0
2 1 416.065 -0.0205235 0
3 1 416.065 132.633 0
4 1 -0.0432303 132.633 0
5 1 -0.0432303 -0.0205235 39.3003
6 1 416.065 -0.0205235 39.3003
7 1 416.065 132.633 39.3003
8 1 -0.0432303 132.633 39.3003
ITEM: TIMESTEP
4400
ITEM: NUMBER OF CUBES
1
ITEM: CUBES
1 1 1 2 3 4 5 6 7 8
ITEM: TIMESTEP
4500
ITEM: NUMBER OF NODES
8
ITEM: BOX BOUNDS
-0.0432303 416.065
-0.0205235 132.599
0 39.3003
ITEM: NODES
1 1 -0.0432303 -0.0205235 0
2 1 416.065 -0.0205235 0
3 1 416.065 132.599 0
4 1 -0.0432303 132.599 0
5 1 -0.0432303 -0.0205235 39.3003
6 1 416.065 -0.0205235 39.3003
7 1 416.065 132.599 39.3003
8 1 -0.0432303 132.599 39.3003
ITEM: TIMESTEP
4500
ITEM: NUMBER OF CUBES
1
ITEM: CUBES
1 1 1 2 3 4 5 6 7 8
ITEM: TIMESTEP
4600
ITEM: NUMBER OF NODES
8
ITEM: BOX BOUNDS
-0.0432303 416.065
-0.0205235 132.674
0 39.3003
ITEM: NODES
1 1 -0.0432303 -0.0205235 0
2 1 416.065 -0.0205235 0
3 1 416.065 132.674 0
4 1 -0.0432303 132.674 0
5 1 -0.0432303 -0.0205235 39.3003
6 1 416.065 -0.0205235 39.3003
7 1 416.065 132.674 39.3003
8 1 -0.0432303 132.674 39.3003
ITEM: TIMESTEP
4600
ITEM: NUMBER OF CUBES
1
ITEM: CUBES
1 1 1 2 3 4 5 6 7 8
ITEM: TIMESTEP
4700
ITEM: NUMBER OF NODES
8
ITEM: BOX BOUNDS
-0.0432303 416.065
-0.0205235 132.861
0 39.3003
ITEM: NODES
1 1 -0.0432303 -0.0205235 0
2 1 416.065 -0.0205235 0
3 1 416.065 132.861 0
4 1 -0.0432303 132.861 0
5 1 -0.0432303 -0.0205235 39.3003
6 1 416.065 -0.0205235 39.3003
7 1 416.065 132.861 39.3003
8 1 -0.0432303 132.861 39.3003
ITEM: TIMESTEP
4700
ITEM: NUMBER OF CUBES
1
ITEM: CUBES
1 1 1 2 3 4 5 6 7 8
ITEM: TIMESTEP
4800
ITEM: NUMBER OF NODES
8
ITEM: BOX BOUNDS
-0.0432303 416.065
-0.0205235 132.949
0 39.3003
ITEM: NODES
1 1 -0.0432303 -0.0205235 0
2 1 416.065 -0.0205235 0
3 1 416.065 132.949 0
4 1 -0.0432303 132.949 0
5 1 -0.0432303 -0.0205235 39.3003
6 1 416.065 -0.0205235 39.3003
7 1 416.065 132.949 39.3003
8 1 -0.0432303 132.949 39.3003
ITEM: TIMESTEP
4800
ITEM: NUMBER OF CUBES
1
ITEM: CUBES
1 1 1 2 3 4 5 6 7 8
ITEM: TIMESTEP
4900
ITEM: NUMBER OF NODES
8
ITEM: BOX BOUNDS
-0.0432303 416.065
-0.0205235 133.02
0 39.3003
ITEM: NODES
1 1 -0.0432303 -0.0205235 0
2 1 416.065 -0.0205235 0
3 1 416.065 133.02 0
4 1 -0.0432303 133.02 0
5 1 -0.0432303 -0.0205235 39.3003
6 1 416.065 -0.0205235 39.3003
7 1 416.065 133.02 39.3003
8 1 -0.0432303 133.02 39.3003
ITEM: TIMESTEP
4900
ITEM: NUMBER OF CUBES
1
ITEM: CUBES
1 1 1 2 3 4 5 6 7 8
ITEM: TIMESTEP
5000
ITEM: NUMBER OF NODES
8
ITEM: BOX BOUNDS
-0.0432303 416.065
-0.0205235 132.957
0 39.3003
ITEM: NODES
1 1 -0.0432303 -0.0205235 0
2 1 416.065 -0.0205235 0
3 1 416.065 132.957 0
4 1 -0.0432303 132.957 0
5 1 -0.0432303 -0.0205235 39.3003
6 1 416.065 -0.0205235 39.3003
7 1 416.065 132.957 39.3003
8 1 -0.0432303 132.957 39.3003
ITEM: TIMESTEP
5000
ITEM: NUMBER OF CUBES
1
ITEM: CUBES
1 1 1 2 3 4 5 6 7 8
ITEM: TIMESTEP
5100
ITEM: NUMBER OF NODES
8
ITEM: BOX BOUNDS
-0.0432303 416.065
-0.0205235 132.967
0 39.3003
ITEM: NODES
1 1 -0.0432303 -0.0205235 0
2 1 416.065 -0.0205235 0
3 1 416.065 132.967 0
4 1 -0.0432303 132.967 0
5 1 -0.0432303 -0.0205235 39.3003
6 1 416.065 -0.0205235 39.3003
7 1 416.065 132.967 39.3003
8 1 -0.0432303 132.967 39.3003
ITEM: TIMESTEP
5100
ITEM: NUMBER OF CUBES
1
ITEM: CUBES
1 1 1 2 3 4 5 6 7 8
ITEM: TIMESTEP
5200
ITEM: NUMBER OF NODES
8
ITEM: BOX BOUNDS
-0.0432303 416.065
-0.0205235 132.922
0 39.3003
ITEM: NODES
1 1 -0.0432303 -0.0205235 0
2 1 416.065 -0.0205235 0
3 1 416.065 132.922 0
4 1 -0.0432303 132.922 0
5 1 -0.0432303 -0.0205235 39.3003
6 1 416.065 -0.0205235 39.3003
7 1 416.065 132.922 39.3003
8 1 -0.0432303 132.922 39.3003
ITEM: TIMESTEP
5200
ITEM: NUMBER OF CUBES
1
ITEM: CUBES
1 1 1 2 3 4 5 6 7 8
ITEM: TIMESTEP
5300
ITEM: NUMBER OF NODES
8
ITEM: BOX BOUNDS
-0.0432303 416.065
-0.0205235 132.904
0 39.3003
ITEM: NODES
1 1 -0.0432303 -0.0205235 0
2 1 416.065 -0.0205235 0
3 1 416.065 132.904 0
4 1 -0.0432303 132.904 0
5 1 -0.0432303 -0.0205235 39.3003
6 1 416.065 -0.0205235 39.3003
7 1 416.065 132.904 39.3003
8 1 -0.0432303 132.904 39.3003
ITEM: TIMESTEP
5300
ITEM: NUMBER OF CUBES
1
ITEM: CUBES
1 1 1 2 3 4 5 6 7 8
ITEM: TIMESTEP
5400
ITEM: NUMBER OF NODES
8
ITEM: BOX BOUNDS
-0.0432303 416.065
-0.0205235 132.691
0 39.3003
ITEM: NODES
1 1 -0.0432303 -0.0205235 0
2 1 416.065 -0.0205235 0
3 1 416.065 132.691 0
4 1 -0.0432303 132.691 0
5 1 -0.0432303 -0.0205235 39.3003
6 1 416.065 -0.0205235 39.3003
7 1 416.065 132.691 39.3003
8 1 -0.0432303 132.691 39.3003
ITEM: TIMESTEP
5400
ITEM: NUMBER OF CUBES
1
ITEM: CUBES
1 1 1 2 3 4 5 6 7 8
ITEM: TIMESTEP
5500
ITEM: NUMBER OF NODES
8
ITEM: BOX BOUNDS
-0.0432303 416.065
-0.0205235 132.659
0 39.3003
ITEM: NODES
1 1 -0.0432303 -0.0205235 0
2 1 416.065 -0.0205235 0
3 1 416.065 132.659 0
4 1 -0.0432303 132.659 0
5 1 -0.0432303 -0.0205235 39.3003
6 1 416.065 -0.0205235 39.3003
7 1 416.065 132.659 39.3003
8 1 -0.0432303 132.659 39.3003
ITEM: TIMESTEP
5500
ITEM: NUMBER OF CUBES
1
ITEM: CUBES
1 1 1 2 3 4 5 6 7 8
ITEM: TIMESTEP
5600
ITEM: NUMBER OF NODES
8
ITEM: BOX BOUNDS
-0.0432303 416.065
-0.0205235 132.407
0 39.3003
ITEM: NODES
1 1 -0.0432303 -0.0205235 0
2 1 416.065 -0.0205235 0
3 1 416.065 132.407 0
4 1 -0.0432303 132.407 0
5 1 -0.0432303 -0.0205235 39.3003
6 1 416.065 -0.0205235 39.3003
7 1 416.065 132.407 39.3003
8 1 -0.0432303 132.407 39.3003
ITEM: TIMESTEP
5600
ITEM: NUMBER OF CUBES
1
ITEM: CUBES
1 1 1 2 3 4 5 6 7 8
ITEM: TIMESTEP
5700
ITEM: NUMBER OF NODES
8
ITEM: BOX BOUNDS
-0.0432303 416.065
-0.0205235 132.308
0 39.3003
ITEM: NODES
1 1 -0.0432303 -0.0205235 0
2 1 416.065 -0.0205235 0
3 1 416.065 132.308 0
4 1 -0.0432303 132.308 0
5 1 -0.0432303 -0.0205235 39.3003
6 1 416.065 -0.0205235 39.3003
7 1 416.065 132.308 39.3003
8 1 -0.0432303 132.308 39.3003
ITEM: TIMESTEP
5700
ITEM: NUMBER OF CUBES
1
ITEM: CUBES
1 1 1 2 3 4 5 6 7 8
ITEM: TIMESTEP
5800
ITEM: NUMBER OF NODES
8
ITEM: BOX BOUNDS
-0.0432303 416.065
-0.0205235 132.156
0 39.3003
ITEM: NODES
1 1 -0.0432303 -0.0205235 0
2 1 416.065 -0.0205235 0
3 1 416.065 132.156 0
4 1 -0.0432303 132.156 0
5 1 -0.0432303 -0.0205235 39.3003
6 1 416.065 -0.0205235 39.3003
7 1 416.065 132.156 39.3003
8 1 -0.0432303 132.156 39.3003
ITEM: TIMESTEP
5800
ITEM: NUMBER OF CUBES
1
ITEM: CUBES
1 1 1 2 3 4 5 6 7 8
ITEM: TIMESTEP
5900
ITEM: NUMBER OF NODES
8
ITEM: BOX BOUNDS
-0.0432303 416.065
-0.0205235 132.178
0 39.3003
ITEM: NODES
1 1 -0.0432303 -0.0205235 0
2 1 416.065 -0.0205235 0
3 1 416.065 132.178 0
4 1 -0.0432303 132.178 0
5 1 -0.0432303 -0.0205235 39.3003
6 1 416.065 -0.0205235 39.3003
7 1 416.065 132.178 39.3003
8 1 -0.0432303 132.178 39.3003
ITEM: TIMESTEP
5900
ITEM: NUMBER OF CUBES
1
ITEM: CUBES
1 1 1 2 3 4 5 6 7 8
ITEM: TIMESTEP
6000
ITEM: NUMBER OF NODES
8
ITEM: BOX BOUNDS
-0.0432303 416.065
-0.0205235 132.17
0 39.3003
ITEM: NODES
1 1 -0.0432303 -0.0205235 0
2 1 416.065 -0.0205235 0
3 1 416.065 132.17 0
4 1 -0.0432303 132.17 0
5 1 -0.0432303 -0.0205235 39.3003
6 1 416.065 -0.0205235 39.3003
7 1 416.065 132.17 39.3003
8 1 -0.0432303 132.17 39.3003
ITEM: TIMESTEP
6000
ITEM: NUMBER OF CUBES
1
ITEM: CUBES
1 1 1 2 3 4 5 6 7 8
ITEM: TIMESTEP
6100
ITEM: NUMBER OF NODES
8
ITEM: BOX BOUNDS
-0.0432303 416.065
-0.0205235 132.197
0 39.3003
ITEM: NODES
1 1 -0.0432303 -0.0205235 0
2 1 416.065 -0.0205235 0
3 1 416.065 132.197 0
4 1 -0.0432303 132.197 0
5 1 -0.0432303 -0.0205235 39.3003
6 1 416.065 -0.0205235 39.3003
7 1 416.065 132.197 39.3003
8 1 -0.0432303 132.197 39.3003
ITEM: TIMESTEP
6100
ITEM: NUMBER OF CUBES
1
ITEM: CUBES
1 1 1 2 3 4 5 6 7 8
ITEM: TIMESTEP
6200
ITEM: NUMBER OF NODES
8
ITEM: BOX BOUNDS
-0.0432303 416.065
-0.0205235 132.249
0 39.3003
ITEM: NODES
1 1 -0.0432303 -0.0205235 0
2 1 416.065 -0.0205235 0
3 1 416.065 132.249 0
4 1 -0.0432303 132.249 0
5 1 -0.0432303 -0.0205235 39.3003
6 1 416.065 -0.0205235 39.3003
7 1 416.065 132.249 39.3003
8 1 -0.0432303 132.249 39.3003
ITEM: TIMESTEP
6200
ITEM: NUMBER OF CUBES
1
ITEM: CUBES
1 1 1 2 3 4 5 6 7 8
ITEM: TIMESTEP
6300
ITEM: NUMBER OF NODES
8
ITEM: BOX BOUNDS
-0.0432303 416.065
-0.0205235 132.18
0 39.3003
ITEM: NODES
1 1 -0.0432303 -0.0205235 0
2 1 416.065 -0.0205235 0
3 1 416.065 132.18 0
4 1 -0.0432303 132.18 0
5 1 -0.0432303 -0.0205235 39.3003
6 1 416.065 -0.0205235 39.3003
7 1 416.065 132.18 39.3003
8 1 -0.0432303 132.18 39.3003
ITEM: TIMESTEP
6300
ITEM: NUMBER OF CUBES
1
ITEM: CUBES
1 1 1 2 3 4 5 6 7 8
ITEM: TIMESTEP
6400
ITEM: NUMBER OF NODES
8
ITEM: BOX BOUNDS
-0.0432303 416.065
-0.0205235 132.166
0 39.3003
ITEM: NODES
1 1 -0.0432303 -0.0205235 0
2 1 416.065 -0.0205235 0
3 1 416.065 132.166 0
4 1 -0.0432303 132.166 0
5 1 -0.0432303 -0.0205235 39.3003
6 1 416.065 -0.0205235 39.3003
7 1 416.065 132.166 39.3003
8 1 -0.0432303 132.166 39.3003
ITEM: TIMESTEP
6400
ITEM: NUMBER OF CUBES
1
ITEM: CUBES
1 1 1 2 3 4 5 6 7 8
ITEM: TIMESTEP
6500
ITEM: NUMBER OF NODES
8
ITEM: BOX BOUNDS
-0.0432303 416.065
-0.0205235 132.148
0 39.3003
ITEM: NODES
1 1 -0.0432303 -0.0205235 0
2 1 416.065 -0.0205235 0
3 1 416.065 132.148 0
4 1 -0.0432303 132.148 0
5 1 -0.0432303 -0.0205235 39.3003
6 1 416.065 -0.0205235 39.3003
7 1 416.065 132.148 39.3003
8 1 -0.0432303 132.148 39.3003
ITEM: TIMESTEP
6500
ITEM: NUMBER OF CUBES
1
ITEM: CUBES
1 1 1 2 3 4 5 6 7 8
ITEM: TIMESTEP
6600
ITEM: NUMBER OF NODES
8
ITEM: BOX BOUNDS
-0.0432303 416.065
-0.0205235 132.148
0 39.3003
ITEM: NODES
1 1 -0.0432303 -0.0205235 0
2 1 416.065 -0.0205235 0
3 1 416.065 132.148 0
4 1 -0.0432303 132.148 0
5 1 -0.0432303 -0.0205235 39.3003
6 1 416.065 -0.0205235 39.3003
7 1 416.065 132.148 39.3003
8 1 -0.0432303 132.148 39.3003
ITEM: TIMESTEP
6600
ITEM: NUMBER OF CUBES
1
ITEM: CUBES
1 1 1 2 3 4 5 6 7 8
ITEM: TIMESTEP
6700
ITEM: NUMBER OF NODES
8
ITEM: BOX BOUNDS
-0.0432303 416.065
-0.0205235 132.148
0 39.3003
ITEM: NODES
1 1 -0.0432303 -0.0205235 0
2 1 416.065 -0.0205235 0
3 1 416.065 132.148 0
4 1 -0.0432303 132.148 0
5 1 -0.0432303 -0.0205235 39.3003
6 1 416.065 -0.0205235 39.3003
7 1 416.065 132.148 39.3003
8 1 -0.0432303 132.148 39.3003
ITEM: TIMESTEP
6700
ITEM: NUMBER OF CUBES
1
ITEM: CUBES
1 1 1 2 3 4 5 6 7 8
ITEM: TIMESTEP
6800
ITEM: NUMBER OF NODES
8
ITEM: BOX BOUNDS
-0.0432303 416.065
-0.0205235 132.148
0 39.3003
ITEM: NODES
1 1 -0.0432303 -0.0205235 0
2 1 416.065 -0.0205235 0
3 1 416.065 132.148 0
4 1 -0.0432303 132.148 0
5 1 -0.0432303 -0.0205235 39.3003
6 1 416.065 -0.0205235 39.3003
7 1 416.065 132.148 39.3003
8 1 -0.0432303 132.148 39.3003
ITEM: TIMESTEP
6800
ITEM: NUMBER OF CUBES
1
ITEM: CUBES
1 1 1 2 3 4 5 6 7 8
ITEM: TIMESTEP
6900
ITEM: NUMBER OF NODES
8
ITEM: BOX BOUNDS
-0.0432303 416.065
-0.0205235 132.23
0 39.3003
ITEM: NODES
1 1 -0.0432303 -0.0205235 0
2 1 416.065 -0.0205235 0
3 1 416.065 132.23 0
4 1 -0.0432303 132.23 0
5 1 -0.0432303 -0.0205235 39.3003
6 1 416.065 -0.0205235 39.3003
7 1 416.065 132.23 39.3003
8 1 -0.0432303 132.23 39.3003
ITEM: TIMESTEP
6900
ITEM: NUMBER OF CUBES
1
ITEM: CUBES
1 1 1 2 3 4 5 6 7 8
ITEM: TIMESTEP
7000
ITEM: NUMBER OF NODES
8
ITEM: BOX BOUNDS
-0.0432303 416.065
-0.0205235 132.318
0 39.3003
ITEM: NODES
1 1 -0.0432303 -0.0205235 0
2 1 416.065 -0.0205235 0
3 1 416.065 132.318 0
4 1 -0.0432303 132.318 0
5 1 -0.0432303 -0.0205235 39.3003
6 1 416.065 -0.0205235 39.3003
7 1 416.065 132.318 39.3003
8 1 -0.0432303 132.318 39.3003
ITEM: TIMESTEP
7000
ITEM: NUMBER OF CUBES
1
ITEM: CUBES
1 1 1 2 3 4 5 6 7 8
ITEM: TIMESTEP
7100
ITEM: NUMBER OF NODES
8
ITEM: BOX BOUNDS
-0.0432303 416.065
-0.0205235 132.408
0 39.3003
ITEM: NODES
1 1 -0.0432303 -0.0205235 0
2 1 416.065 -0.0205235 0
3 1 416.065 132.408 0
4 1 -0.0432303 132.408 0
5 1 -0.0432303 -0.0205235 39.3003
6 1 416.065 -0.0205235 39.3003
7 1 416.065 132.408 39.3003
8 1 -0.0432303 132.408 39.3003
ITEM: TIMESTEP
7100
ITEM: NUMBER OF CUBES
1
ITEM: CUBES
1 1 1 2 3 4 5 6 7 8
ITEM: TIMESTEP
7200
ITEM: NUMBER OF NODES
8
ITEM: BOX BOUNDS
-0.0432303 416.065
-0.0205235 132.502
0 39.3003
ITEM: NODES
1 1 -0.0432303 -0.0205235 0
2 1 416.065 -0.0205235 0
3 1 416.065 132.502 0
4 1 -0.0432303 132.502 0
5 1 -0.0432303 -0.0205235 39.3003
6 1 416.065 -0.0205235 39.3003
7 1 416.065 132.502 39.3003
8 1 -0.0432303 132.502 39.3003
ITEM: TIMESTEP
7200
ITEM: NUMBER OF CUBES
1
ITEM: CUBES
1 1 1 2 3 4 5 6 7 8
ITEM: TIMESTEP
7300
ITEM: NUMBER OF NODES
8
ITEM: BOX BOUNDS
-0.0432303 416.065
-0.0205235 132.493
0 39.3003
ITEM: NODES
1 1 -0.0432303 -0.0205235 0
2 1 416.065 -0.0205235 0
3 1 416.065 132.493 0
4 1 -0.0432303 132.493 0
5 1 -0.0432303 -0.0205235 39.3003
6 1 416.065 -0.0205235 39.3003
7 1 416.065 132.493 39.3003
8 1 -0.0432303 132.493 39.3003
ITEM: TIMESTEP
7300
ITEM: NUMBER OF CUBES
1
ITEM: CUBES
1 1 1 2 3 4 5 6 7 8
ITEM: TIMESTEP
7400
ITEM: NUMBER OF NODES
8
ITEM: BOX BOUNDS
-0.0432303 416.065
-0.0205235 132.469
0 39.3003
ITEM: NODES
1 1 -0.0432303 -0.0205235 0
2 1 416.065 -0.0205235 0
3 1 416.065 132.469 0
4 1 -0.0432303 132.469 0
5 1 -0.0432303 -0.0205235 39.3003
6 1 416.065 -0.0205235 39.3003
7 1 416.065 132.469 39.3003
8 1 -0.0432303 132.469 39.3003
ITEM: TIMESTEP
7400
ITEM: NUMBER OF CUBES
1
ITEM: CUBES
1 1 1 2 3 4 5 6 7 8
ITEM: TIMESTEP
7500
ITEM: NUMBER OF NODES
8
ITEM: BOX BOUNDS
-0.0432303 416.065
-0.0205235 132.48
0 39.3003
ITEM: NODES
1 1 -0.0432303 -0.0205235 0
2 1 416.065 -0.0205235 0
3 1 416.065 132.48 0
4 1 -0.0432303 132.48 0
5 1 -0.0432303 -0.0205235 39.3003
6 1 416.065 -0.0205235 39.3003
7 1 416.065 132.48 39.3003
8 1 -0.0432303 132.48 39.3003
ITEM: TIMESTEP
7500
ITEM: NUMBER OF CUBES
1
ITEM: CUBES
1 1 1 2 3 4 5 6 7 8
ITEM: TIMESTEP
7600
ITEM: NUMBER OF NODES
8
ITEM: BOX BOUNDS
-0.0432303 416.065
-0.0205235 132.514
0 39.3003
ITEM: NODES
1 1 -0.0432303 -0.0205235 0
2 1 416.065 -0.0205235 0
3 1 416.065 132.514 0
4 1 -0.0432303 132.514 0
5 1 -0.0432303 -0.0205235 39.3003
6 1 416.065 -0.0205235 39.3003
7 1 416.065 132.514 39.3003
8 1 -0.0432303 132.514 39.3003
ITEM: TIMESTEP
7600
ITEM: NUMBER OF CUBES
1
ITEM: CUBES
1 1 1 2 3 4 5 6 7 8
ITEM: TIMESTEP
7700
ITEM: NUMBER OF NODES
8
ITEM: BOX BOUNDS
-0.0432303 416.065
-0.0205235 132.524
0 39.3003
ITEM: NODES
1 1 -0.0432303 -0.0205235 0
2 1 416.065 -0.0205235 0
3 1 416.065 132.524 0
4 1 -0.0432303 132.524 0
5 1 -0.0432303 -0.0205235 39.3003
6 1 416.065 -0.0205235 39.3003
7 1 416.065 132.524 39.3003
8 1 -0.0432303 132.524 39.3003
ITEM: TIMESTEP
7700
ITEM: NUMBER OF CUBES
1
ITEM: CUBES
1 1 1 2 3 4 5 6 7 8
ITEM: TIMESTEP
7800
ITEM: NUMBER OF NODES
8
ITEM: BOX BOUNDS
-0.0432303 416.065
-0.0205235 132.607
0 39.3003
ITEM: NODES
1 1 -0.0432303 -0.0205235 0
2 1 416.065 -0.0205235 0
3 1 416.065 132.607 0
4 1 -0.0432303 132.607 0
5 1 -0.0432303 -0.0205235 39.3003
6 1 416.065 -0.0205235 39.3003
7 1 416.065 132.607 39.3003
8 1 -0.0432303 132.607 39.3003
ITEM: TIMESTEP
7800
ITEM: NUMBER OF CUBES
1
ITEM: CUBES
1 1 1 2 3 4 5 6 7 8
ITEM: TIMESTEP
7900
ITEM: NUMBER OF NODES
8
ITEM: BOX BOUNDS
-0.0432303 416.065
-0.0205235 132.561
0 39.3003
ITEM: NODES
1 1 -0.0432303 -0.0205235 0
2 1 416.065 -0.0205235 0
3 1 416.065 132.561 0
4 1 -0.0432303 132.561 0
5 1 -0.0432303 -0.0205235 39.3003
6 1 416.065 -0.0205235 39.3003
7 1 416.065 132.561 39.3003
8 1 -0.0432303 132.561 39.3003
ITEM: TIMESTEP
7900
ITEM: NUMBER OF CUBES
1
ITEM: CUBES
1 1 1 2 3 4 5 6 7 8
ITEM: TIMESTEP
8000
ITEM: NUMBER OF NODES
8
ITEM: BOX BOUNDS
-0.0432303 416.065
-0.0205235 132.618
0 39.3003
ITEM: NODES
1 1 -0.0432303 -0.0205235 0
2 1 416.065 -0.0205235 0
3 1 416.065 132.618 0
4 1 -0.0432303 132.618 0
5 1 -0.0432303 -0.0205235 39.3003
6 1 416.065 -0.0205235 39.3003
7 1 416.065 132.618 39.3003
8 1 -0.0432303 132.618 39.3003
ITEM: TIMESTEP
8000
ITEM: NUMBER OF CUBES
1
ITEM: CUBES
1 1 1 2 3 4 5 6 7 8
ITEM: TIMESTEP
8100
ITEM: NUMBER OF NODES
8
ITEM: BOX BOUNDS
-0.0432303 416.065
-0.0205235 132.49
0 39.3003
ITEM: NODES
1 1 -0.0432303 -0.0205235 0
2 1 416.065 -0.0205235 0
3 1 416.065 132.49 0
4 1 -0.0432303 132.49 0
5 1 -0.0432303 -0.0205235 39.3003
6 1 416.065 -0.0205235 39.3003
7 1 416.065 132.49 39.3003
8 1 -0.0432303 132.49 39.3003
ITEM: TIMESTEP
8100
ITEM: NUMBER OF CUBES
1
ITEM: CUBES
1 1 1 2 3 4 5 6 7 8
ITEM: TIMESTEP
8200
ITEM: NUMBER OF NODES
8
ITEM: BOX BOUNDS
-0.0432303 416.065
-0.0205235 132.449
0 39.3003
ITEM: NODES
1 1 -0.0432303 -0.0205235 0
2 1 416.065 -0.0205235 0
3 1 416.065 132.449 0
4 1 -0.0432303 132.449 0
5 1 -0.0432303 -0.0205235 39.3003
6 1 416.065 -0.0205235 39.3003
7 1 416.065 132.449 39.3003
8 1 -0.0432303 132.449 39.3003
ITEM: TIMESTEP
8200
ITEM: NUMBER OF CUBES
1
ITEM: CUBES
1 1 1 2 3 4 5 6 7 8
ITEM: TIMESTEP
8300
ITEM: NUMBER OF NODES
8
ITEM: BOX BOUNDS
-0.0432303 416.065
-0.0205235 132.474
0 39.3003
ITEM: NODES
1 1 -0.0432303 -0.0205235 0
2 1 416.065 -0.0205235 0
3 1 416.065 132.474 0
4 1 -0.0432303 132.474 0
5 1 -0.0432303 -0.0205235 39.3003
6 1 416.065 -0.0205235 39.3003
7 1 416.065 132.474 39.3003
8 1 -0.0432303 132.474 39.3003
ITEM: TIMESTEP
8300
ITEM: NUMBER OF CUBES
1
ITEM: CUBES
1 1 1 2 3 4 5 6 7 8
ITEM: TIMESTEP
8400
ITEM: NUMBER OF NODES
8
ITEM: BOX BOUNDS
-0.0432303 416.065
-0.0205235 132.611
0 39.3003
ITEM: NODES
1 1 -0.0432303 -0.0205235 0
2 1 416.065 -0.0205235 0
3 1 416.065 132.611 0
4 1 -0.0432303 132.611 0
5 1 -0.0432303 -0.0205235 39.3003
6 1 416.065 -0.0205235 39.3003
7 1 416.065 132.611 39.3003
8 1 -0.0432303 132.611 39.3003
ITEM: TIMESTEP
8400
ITEM: NUMBER OF CUBES
1
ITEM: CUBES
1 1 1 2 3 4 5 6 7 8
ITEM: TIMESTEP
8500
ITEM: NUMBER OF NODES
8
ITEM: BOX BOUNDS
-0.0432303 416.065
-0.0205235 132.474
0 39.3003
ITEM: NODES
1 1 -0.0432303 -0.0205235 0
2 1 416.065 -0.0205235 0
3 1 416.065 132.474 0
4 1 -0.0432303 132.474 0
5 1 -0.0432303 -0.0205235 39.3003
6 1 416.065 -0.0205235 39.3003
7 1 416.065 132.474 39.3003
8 1 -0.0432303 132.474 39.3003
ITEM: TIMESTEP
8500
ITEM: NUMBER OF CUBES
1
ITEM: CUBES
1 1 1 2 3 4 5 6 7 8
ITEM: TIMESTEP
8600
ITEM: NUMBER OF NODES
8
ITEM: BOX BOUNDS
-0.0432303 416.065
-0.0205235 132.532
0 39.3003
ITEM: NODES
1 1 -0.0432303 -0.0205235 0
2 1 416.065 -0.0205235 0
3 1 416.065 132.532 0
4 1 -0.0432303 132.532 0
5 1 -0.0432303 -0.0205235 39.3003
6 1 416.065 -0.0205235 39.3003
7 1 416.065 132.532 39.3003
8 1 -0.0432303 132.532 39.3003
ITEM: TIMESTEP
8600
ITEM: NUMBER OF CUBES
1
ITEM: CUBES
1 1 1 2 3 4 5 6 7 8
ITEM: TIMESTEP
8700
ITEM: NUMBER OF NODES
8
ITEM: BOX BOUNDS
-0.0432303 416.065
-0.0205235 132.487
0 39.3003
ITEM: NODES
1 1 -0.0432303 -0.0205235 0
2 1 416.065 -0.0205235 0
3 1 416.065 132.487 0
4 1 -0.0432303 132.487 0
5 1 -0.0432303 -0.0205235 39.3003
6 1 416.065 -0.0205235 39.3003
7 1 416.065 132.487 39.3003
8 1 -0.0432303 132.487 39.3003
ITEM: TIMESTEP
8700
ITEM: NUMBER OF CUBES
1
ITEM: CUBES
1 1 1 2 3 4 5 6 7 8
ITEM: TIMESTEP
8800
ITEM: NUMBER OF NODES
8
ITEM: BOX BOUNDS
-0.0432303 416.065
-0.0205235 132.425
0 39.3003
ITEM: NODES
1 1 -0.0432303 -0.0205235 0
2 1 416.065 -0.0205235 0
3 1 416.065 132.425 0
4 1 -0.0432303 132.425 0
5 1 -0.0432303 -0.0205235 39.3003
6 1 416.065 -0.0205235 39.3003
7 1 416.065 132.425 39.3003
8 1 -0.0432303 132.425 39.3003
ITEM: TIMESTEP
8800
ITEM: NUMBER OF CUBES
1
ITEM: CUBES
1 1 1 2 3 4 5 6 7 8
ITEM: TIMESTEP
8900
ITEM: NUMBER OF NODES
8
ITEM: BOX BOUNDS
-0.0432303 416.065
-0.0205235 132.385
0 39.3003
ITEM: NODES
1 1 -0.0432303 -0.0205235 0
2 1 416.065 -0.0205235 0
3 1 416.065 132.385 0
4 1 -0.0432303 132.385 0
5 1 -0.0432303 -0.0205235 39.3003
6 1 416.065 -0.0205235 39.3003
7 1 416.065 132.385 39.3003
8 1 -0.0432303 132.385 39.3003
ITEM: TIMESTEP
8900
ITEM: NUMBER OF CUBES
1
ITEM: CUBES
1 1 1 2 3 4 5 6 7 8
ITEM: TIMESTEP
9000
ITEM: NUMBER OF NODES
8
ITEM: BOX BOUNDS
-0.0432303 416.065
-0.0205235 132.306
0 39.3003
ITEM: NODES
1 1 -0.0432303 -0.0205235 0
2 1 416.065 -0.0205235 0
3 1 416.065 132.306 0
4 1 -0.0432303 132.306 0
5 1 -0.0432303 -0.0205235 39.3003
6 1 416.065 -0.0205235 39.3003
7 1 416.065 132.306 39.3003
8 1 -0.0432303 132.306 39.3003
ITEM: TIMESTEP
9000
ITEM: NUMBER OF CUBES
1
ITEM: CUBES
1 1 1 2 3 4 5 6 7 8
ITEM: TIMESTEP
9100
ITEM: NUMBER OF NODES
8
ITEM: BOX BOUNDS
-0.0432303 416.065
-0.0205235 132.319
0 39.3003
ITEM: NODES
1 1 -0.0432303 -0.0205235 0
2 1 416.065 -0.0205235 0
3 1 416.065 132.319 0
4 1 -0.0432303 132.319 0
5 1 -0.0432303 -0.0205235 39.3003
6 1 416.065 -0.0205235 39.3003
7 1 416.065 132.319 39.3003
8 1 -0.0432303 132.319 39.3003
ITEM: TIMESTEP
9100
ITEM: NUMBER OF CUBES
1
ITEM: CUBES
1 1 1 2 3 4 5 6 7 8
ITEM: TIMESTEP
9200
ITEM: NUMBER OF NODES
8
ITEM: BOX BOUNDS
-0.0432303 416.065
-0.0205235 132.269
0 39.3003
ITEM: NODES
1 1 -0.0432303 -0.0205235 0
2 1 416.065 -0.0205235 0
3 1 416.065 132.269 0
4 1 -0.0432303 132.269 0
5 1 -0.0432303 -0.0205235 39.3003
6 1 416.065 -0.0205235 39.3003
7 1 416.065 132.269 39.3003
8 1 -0.0432303 132.269 39.3003
ITEM: TIMESTEP
9200
ITEM: NUMBER OF CUBES
1
ITEM: CUBES
1 1 1 2 3 4 5 6 7 8
ITEM: TIMESTEP
9300
ITEM: NUMBER OF NODES
8
ITEM: BOX BOUNDS
-0.0432303 416.065
-0.0205235 132.264
0 39.3003
ITEM: NODES
1 1 -0.0432303 -0.0205235 0
2 1 416.065 -0.0205235 0
3 1 416.065 132.264 0
4 1 -0.0432303 132.264 0
5 1 -0.0432303 -0.0205235 39.3003
6 1 416.065 -0.0205235 39.3003
7 1 416.065 132.264 39.3003
8 1 -0.0432303 132.264 39.3003
ITEM: TIMESTEP
9300
ITEM: NUMBER OF CUBES
1
ITEM: CUBES
1 1 1 2 3 4 5 6 7 8
ITEM: TIMESTEP
9400
ITEM: NUMBER OF NODES
8
ITEM: BOX BOUNDS
-0.0432303 416.065
-0.0205235 132.263
0 39.3003
ITEM: NODES
1 1 -0.0432303 -0.0205235 0
2 1 416.065 -0.0205235 0
3 1 416.065 132.263 0
4 1 -0.0432303 132.263 0
5 1 -0.0432303 -0.0205235 39.3003
6 1 416.065 -0.0205235 39.3003
7 1 416.065 132.263 39.3003
8 1 -0.0432303 132.263 39.3003
ITEM: TIMESTEP
9400
ITEM: NUMBER OF CUBES
1
ITEM: CUBES
1 1 1 2 3 4 5 6 7 8
ITEM: TIMESTEP
9500
ITEM: NUMBER OF NODES
8
ITEM: BOX BOUNDS
-0.0432303 416.065
-0.0205235 132.238
0 39.3003
ITEM: NODES
1 1 -0.0432303 -0.0205235 0
2 1 416.065 -0.0205235 0
3 1 416.065 132.238 0
4 1 -0.0432303 132.238 0
5 1 -0.0432303 -0.0205235 39.3003
6 1 416.065 -0.0205235 39.3003
7 1 416.065 132.238 39.3003
8 1 -0.0432303 132.238 39.3003
ITEM: TIMESTEP
9500
ITEM: NUMBER OF CUBES
1
ITEM: CUBES
1 1 1 2 3 4 5 6 7 8
ITEM: TIMESTEP
9600
ITEM: NUMBER OF NODES
8
ITEM: BOX BOUNDS
-0.0432303 416.065
-0.0205235 132.209
0 39.3003
ITEM: NODES
1 1 -0.0432303 -0.0205235 0
2 1 416.065 -0.0205235 0
3 1 416.065 132.209 0
4 1 -0.0432303 132.209 0
5 1 -0.0432303 -0.0205235 39.3003
6 1 416.065 -0.0205235 39.3003
7 1 416.065 132.209 39.3003
8 1 -0.0432303 132.209 39.3003
ITEM: TIMESTEP
9600
ITEM: NUMBER OF CUBES
1
ITEM: CUBES
1 1 1 2 3 4 5 6 7 8
ITEM: TIMESTEP
9700
ITEM: NUMBER OF NODES
8
ITEM: BOX BOUNDS
-0.0432303 416.065
-0.0205235 132.301
0 39.3003
ITEM: NODES
1 1 -0.0432303 -0.0205235 0
2 1 416.065 -0.0205235 0
3 1 416.065 132.301 0
4 1 -0.0432303 132.301 0
5 1 -0.0432303 -0.0205235 39.3003
6 1 416.065 -0.0205235 39.3003
7 1 416.065 132.301 39.3003
8 1 -0.0432303 132.301 39.3003
ITEM: TIMESTEP
9700
ITEM: NUMBER OF CUBES
1
ITEM: CUBES
1 1 1 2 3 4 5 6 7 8
ITEM: TIMESTEP
9800
ITEM: NUMBER OF NODES
8
ITEM: BOX BOUNDS
-0.0432303 416.065
-0.0205235 132.276
0 39.3003
ITEM: NODES
1 1 -0.0432303 -0.0205235 0
2 1 416.065 -0.0205235 0
3 1 416.065 132.276 0
4 1 -0.0432303 132.276 0
5 1 -0.0432303 -0.0205235 39.3003
6 1 416.065 -0.0205235 39.3003
7 1 416.065 132.276 39.3003
8 1 -0.0432303 132.276 39.3003
ITEM: TIMESTEP
9800
ITEM: NUMBER OF CUBES
1
ITEM: CUBES
1 1 1 2 3 4 5 6 7 8
ITEM: TIMESTEP
9900
ITEM: NUMBER OF NODES
8
ITEM: BOX BOUNDS
-0.0432303 416.065
-0.0205235 132.299
0 39.3003
ITEM: NODES
1 1 -0.0432303 -0.0205235 0
2 1 416.065 -0.0205235 0
3 1 416.065 132.299 0
4 1 -0.0432303 132.299 0
5 1 -0.0432303 -0.0205235 39.3003
6 1 416.065 -0.0205235 39.3003
7 1 416.065 132.299 39.3003
8 1 -0.0432303 132.299 39.3003
ITEM: TIMESTEP
9900
ITEM: NUMBER OF CUBES
1
ITEM: CUBES
1 1 1 2 3 4 5 6 7 8
ITEM: TIMESTEP
10000
ITEM: NUMBER OF NODES
8
ITEM: BOX BOUNDS
-0.0432303 416.065
-0.0205235 132.321
0 39.3003
ITEM: NODES
1 1 -0.0432303 -0.0205235 0
2 1 416.065 -0.0205235 0
3 1 416.065 132.321 0
4 1 -0.0432303 132.321 0
5 1 -0.0432303 -0.0205235 39.3003
6 1 416.065 -0.0205235 39.3003
7 1 416.065 132.321 39.3003
8 1 -0.0432303 132.321 39.3003
ITEM: TIMESTEP
10000
ITEM: NUMBER OF CUBES
1
ITEM: CUBES
1 1 1 2 3 4 5 6 7 8
